2025-02-15 22:52:20,233 - bot - INFO - Bot starting up...
Current Date and Time (UTC): 2025-02-15 17:52:20
Current Date and Time (Tashkent): 2025-02-15 22:52:20
Current User's Login: gopher
2025-02-15 22:52:20,236 - bot - INFO - Database initialized successfully
2025-02-15 22:52:20,237 - bot - INFO - Starting bot polling...
2025-02-15 22:52:20,237 - aiogram.dispatcher - INFO - Start polling
2025-02-15 22:52:22,516 - aiogram.dispatcher - INFO - Run polling for bot @p11exam_bot id=6042323895 - 'p11uchunbot'
2025-02-15 22:52:32,209 - aiogram.event - INFO - Update id=76391091 is handled. Duration 1008 ms by bot id=6042323895
2025-02-15 22:52:37,824 - aiogram.event - INFO - Update id=76391092 is handled. Duration 182 ms by bot id=6042323895
2025-02-15 22:52:53,181 - aiogram.event - INFO - Update id=76391093 is handled. Duration 1230 ms by bot id=6042323895
2025-02-15 22:53:10,999 - aiogram.event - INFO - Update id=76391094 is handled. Duration 1580 ms by bot id=6042323895
2025-02-15 22:53:26,658 - aiogram.event - INFO - Update id=76391095 is handled. Duration 644 ms by bot id=6042323895
2025-02-15 22:53:52,490 - aiogram.event - INFO - Update id=76391096 is handled. Duration 963 ms by bot id=6042323895
2025-02-15 22:53:55,517 - aiogram.event - INFO - Update id=76391097 is handled. Duration 523 ms by bot id=6042323895
2025-02-15 22:54:06,567 - aiogram.event - INFO - Update id=76391098 is handled. Duration 1335 ms by bot id=6042323895
2025-02-15 22:54:18,239 - aiogram.event - INFO - Update id=76391099 is handled. Duration 1218 ms by bot id=6042323895
2025-02-15 22:54:41,579 - aiogram.event - INFO - Update id=76391100 is handled. Duration 238 ms by bot id=6042323895
2025-02-15 22:54:43,367 - aiogram.event - INFO - Update id=76391101 is handled. Duration 250 ms by bot id=6042323895
2025-02-15 22:55:36,717 - aiogram.event - INFO - Update id=76391102 is handled. Duration 186 ms by bot id=6042323895
2025-02-15 22:56:43,247 - aiogram.event - INFO - Update id=76391103 is handled. Duration 158 ms by bot id=6042323895
2025-02-15 22:57:07,795 - aiogram.event - INFO - Update id=76391104 is handled. Duration 412 ms by bot id=6042323895
2025-02-15 22:57:15,766 - aiogram.event - INFO - Update id=76391105 is handled. Duration 310 ms by bot id=6042323895
2025-02-15 22:57:18,897 - aiogram.event - INFO - Update id=76391106 is handled. Duration 336 ms by bot id=6042323895
2025-02-15 22:57:22,884 - aiogram.event - INFO - Update id=76391107 is handled. Duration 1172 ms by bot id=6042323895
2025-02-15 22:57:29,591 - aiogram.event - INFO - Update id=76391108 is handled. Duration 197 ms by bot id=6042323895
2025-02-15 22:57:51,196 - aiogram.event - INFO - Update id=76391109 is handled. Duration 1831 ms by bot id=6042323895
2025-02-15 22:58:16,682 - aiogram.event - INFO - Update id=76391110 is handled. Duration 1125 ms by bot id=6042323895
2025-02-15 22:59:40,519 - aiogram.dispatcher - WARNING - Received SIGINT signal
2025-02-15 22:59:40,520 - aiogram.dispatcher - INFO - Polling stopped for bot @p11exam_bot id=6042323895 - 'p11uchunbot'
2025-02-15 22:59:40,521 - aiogram.dispatcher - INFO - Polling stopped
2025-02-15 22:59:40,777 - root - INFO - Bot shutdown complete
2025-02-15 23:00:29,469 - bot - INFO - Bot starting up...
Current Date and Time (UTC): 2025-02-15 18:00:29
Current Date and Time (Tashkent): 2025-02-15 23:00:29
Current User's Login: gopher
2025-02-15 23:00:29,473 - bot - INFO - Database initialized successfully
2025-02-15 23:00:29,473 - bot - INFO - Starting bot polling...
2025-02-15 23:00:29,474 - aiogram.dispatcher - INFO - Start polling
2025-02-15 23:00:31,271 - aiogram.dispatcher - INFO - Run polling for bot @p11exam_bot id=6042323895 - 'p11uchunbot'
2025-02-15 23:00:32,818 - aiogram.event - INFO - Update id=76391111 is handled. Duration 1317 ms by bot id=6042323895
2025-02-15 23:00:35,432 - aiogram.event - INFO - Update id=76391112 is handled. Duration 860 ms by bot id=6042323895
2025-02-15 23:00:42,194 - aiogram.dispatcher - WARNING - Received SIGINT signal
2025-02-15 23:00:42,195 - aiogram.dispatcher - INFO - Polling stopped for bot @p11exam_bot id=6042323895 - 'p11uchunbot'
2025-02-15 23:00:42,195 - aiogram.dispatcher - INFO - Polling stopped
2025-02-15 23:00:42,449 - root - INFO - Bot shutdown complete
